Using pre-set license
Built from '2020.2/staging' branch; Version is '2020.2.6f1 (8a2143876886) revision 9052483'; Using compiler version '192528614'; Build Type 'Release'
OS: 'Windows 10 Home; OS build 18363.1440; Version 1909; 64bit' Language: 'pt' Physical Memory: 16196 MB
BatchMode: 1, IsHumanControllingUs: 0, StartBugReporterOnCrash: 0, Is64bit: 1, IsPro: 0

 COMMAND LINE ARGUMENTS:
C:\Program Files\Unity\Hub\Editor\2020.2.6f1\Editor\Unity.exe
-adb2
-batchMode
-noUpm
-name
AssetImportWorker0
-projectPath
C:/Users/danie/Documents/GitHub/TakeTheFlag/TakeTheFlag
-logFile
Logs/AssetImportWorker0.log
-srvPort
59484
Successfully changed project path to: C:/Users/danie/Documents/GitHub/TakeTheFlag/TakeTheFlag
C:/Users/danie/Documents/GitHub/TakeTheFlag/TakeTheFlag
Using Asset Import Pipeline V2.
Refreshing native plugins compatible for Editor in 35.22 ms, found 1 plugins.
Preloading 0 native plugins for Editor in 0.00 ms.
Initialize engine version: 2020.2.6f1 (8a2143876886)
[Subsystems] Discovering subsystems at path C:/Program Files/Unity/Hub/Editor/2020.2.6f1/Editor/Data/Resources/UnitySubsystems
[Subsystems] Discovering subsystems at path C:/Users/danie/Documents/GitHub/TakeTheFlag/TakeTheFlag/Assets
GfxDevice: creating device client; threaded=0
Direct3D:
    Version:  Direct3D 11.0 [level 11.1]
    Renderer: NVIDIA GeForce RTX 2060 (ID=0x1f11)
    Vendor:   
    VRAM:     5980 MB
    Driver:   27.21.14.5771
Initialize mono
Mono path[0] = 'C:/Program Files/Unity/Hub/Editor/2020.2.6f1/Editor/Data/Managed'
Mono path[1] = 'C:/Program Files/Unity/Hub/Editor/2020.2.6f1/Editor/Data/MonoBleedingEdge/lib/mono/unityjit'
Mono config path = 'C:/Program Files/Unity/Hub/Editor/2020.2.6f1/Editor/Data/MonoBleedingEdge/etc'
Using monoOptions --debugger-agent=transport=dt_socket,embedding=1,server=y,suspend=n,address=127.0.0.1:56692
Begin MonoManager ReloadAssembly
Registering precompiled unity dll's ...
Register platform support module: C:/Program Files/Unity/Hub/Editor/2020.2.6f1/Editor/Data/PlaybackEngines/WebGLSupport/UnityEditor.WebGL.Extensions.dll
Register platform support module: C:/Program Files/Unity/Hub/Editor/2020.2.6f1/Editor/Data/PlaybackEngines/MacStandaloneSupport/UnityEditor.OSXStandalone.Extensions.dll
Register platform support module: C:/Program Files/Unity/Hub/Editor/2020.2.6f1/Editor/Data/PlaybackEngines/WindowsStandaloneSupport/UnityEditor.WindowsStandalone.Extensions.dll
Register platform support module: C:/Program Files/Unity/Hub/Editor/2020.2.6f1/Editor/Data/PlaybackEngines/LinuxStandaloneSupport/UnityEditor.LinuxStandalone.Extensions.dll
Register platform support module: C:/Program Files/Unity/Hub/Editor/2020.2.6f1/Editor/Data/PlaybackEngines/LuminSupport/UnityEditor.Lumin.Extensions.dll
Registered in 0.003261 seconds.
Native extension for Lumin target not found
Native extension for LinuxStandalone target not found
Native extension for WindowsStandalone target not found
Native extension for OSXStandalone target not found
Native extension for WebGL target not found
Refreshing native plugins compatible for Editor in 36.63 ms, found 1 plugins.
Preloading 0 native plugins for Editor in 0.00 ms.
Invoked RoslynAnalysisRunner static constructor.
RoslynAnalysisRunner will not be running.
RoslynAnalysisRunner has terminated.
Mono: successfully reloaded assembly
- Completed reload, in  1.749 seconds
Platform modules already initialized, skipping
Registering precompiled user dll's ...
Registered in 0.001120 seconds.
Begin MonoManager ReloadAssembly
Native extension for Lumin target not found
Native extension for LinuxStandalone target not found
Native extension for WindowsStandalone target not found
Native extension for OSXStandalone target not found
Native extension for WebGL target not found
Refreshing native plugins compatible for Editor in 34.68 ms, found 1 plugins.
Preloading 0 native plugins for Editor in 0.00 ms.
Invoked RoslynAnalysisRunner static constructor.
RoslynAnalysisRunner will not be running.
RoslynAnalysisRunner has terminated.
Mono: successfully reloaded assembly
- Completed reload, in  0.927 seconds
Platform modules already initialized, skipping
========================================================================
Worker process is ready to serve import requests
Launched and connected shader compiler UnityShaderCompiler.exe after 0.05 seconds
Refreshing native plugins compatible for Editor in 0.43 ms, found 1 plugins.
Preloading 0 native plugins for Editor in 0.00 ms.
Unloading 1800 Unused Serialized files (Serialized files now loaded: 0)
System memory in use before: 84.4 MB.
System memory in use after: 84.4 MB.

Unloading 24 unused Assets to reduce memory usage. Loaded Objects now: 2241.
Total: 3.961200 ms (FindLiveObjects: 0.354500 ms CreateObjectMapping: 0.116400 ms MarkObjects: 3.270000 ms  DeleteObjects: 0.218800 ms)

========================================================================
Received Import Request.
  path: Assets/Scripts/Skills.cs
  artifactKey: Guid(a93cd4de3fda35c4a88762bfeb96235a) Importer(815301076,1909f56bfc062723c751e8b465ee728b)
Start importing Assets/Scripts/Skills.cs using Guid(a93cd4de3fda35c4a88762bfeb96235a) Importer(815301076,1909f56bfc062723c751e8b465ee728b)  -> (artifact id: 'd164069ea05d339b0d51591aaa5d6dbf') in 0.033158 seconds
  Import took 0.036155 seconds .

========================================================================
Received Prepare
Registering precompiled user dll's ...
Registered in 0.001031 seconds.
Begin MonoManager ReloadAssembly
Native extension for Lumin target not found
Native extension for LinuxStandalone target not found
Native extension for WindowsStandalone target not found
Native extension for OSXStandalone target not found
Native extension for WebGL target not found
Refreshing native plugins compatible for Editor in 0.39 ms, found 1 plugins.
Preloading 0 native plugins for Editor in 0.00 ms.
Invoked RoslynAnalysisRunner static constructor.
RoslynAnalysisRunner will not be running.
RoslynAnalysisRunner has terminated.
Mono: successfully reloaded assembly
- Completed reload, in  1.072 seconds
Platform modules already initialized, skipping
Refreshing native plugins compatible for Editor in 0.58 ms, found 1 plugins.
Preloading 0 native plugins for Editor in 0.00 ms.
Unloading 1795 Unused Serialized files (Serialized files now loaded: 0)
System memory in use before: 84.4 MB.
System memory in use after: 84.4 MB.

Unloading 12 unused Assets to reduce memory usage. Loaded Objects now: 2244.
Total: 3.067500 ms (FindLiveObjects: 0.339000 ms CreateObjectMapping: 0.102600 ms MarkObjects: 2.508100 ms  DeleteObjects: 0.114200 ms)

========================================================================
Received Prepare
Registering precompiled user dll's ...
Registered in 0.000948 seconds.
Begin MonoManager ReloadAssembly
Native extension for Lumin target not found
Native extension for LinuxStandalone target not found
Native extension for WindowsStandalone target not found
Native extension for OSXStandalone target not found
Native extension for WebGL target not found
Refreshing native plugins compatible for Editor in 0.39 ms, found 1 plugins.
Preloading 0 native plugins for Editor in 0.00 ms.
Invoked RoslynAnalysisRunner static constructor.
RoslynAnalysisRunner will not be running.
RoslynAnalysisRunner has terminated.
Mono: successfully reloaded assembly
- Completed reload, in  0.843 seconds
Platform modules already initialized, skipping
Refreshing native plugins compatible for Editor in 0.35 ms, found 1 plugins.
Preloading 0 native plugins for Editor in 0.00 ms.
Unloading 1795 Unused Serialized files (Serialized files now loaded: 0)
System memory in use before: 84.4 MB.
System memory in use after: 84.4 MB.

Unloading 12 unused Assets to reduce memory usage. Loaded Objects now: 2247.
Total: 1.915800 ms (FindLiveObjects: 0.281600 ms CreateObjectMapping: 0.086400 ms MarkObjects: 1.450900 ms  DeleteObjects: 0.095800 ms)

========================================================================
Received Prepare
Registering precompiled user dll's ...
Registered in 0.001163 seconds.
Begin MonoManager ReloadAssembly
Native extension for Lumin target not found
Native extension for LinuxStandalone target not found
Native extension for WindowsStandalone target not found
Native extension for OSXStandalone target not found
Native extension for WebGL target not found
Refreshing native plugins compatible for Editor in 0.34 ms, found 1 plugins.
Preloading 0 native plugins for Editor in 0.00 ms.
Invoked RoslynAnalysisRunner static constructor.
RoslynAnalysisRunner will not be running.
RoslynAnalysisRunner has terminated.
Mono: successfully reloaded assembly
- Completed reload, in  0.776 seconds
Platform modules already initialized, skipping
Refreshing native plugins compatible for Editor in 0.35 ms, found 1 plugins.
Preloading 0 native plugins for Editor in 0.00 ms.
Unloading 1795 Unused Serialized files (Serialized files now loaded: 0)
System memory in use before: 84.4 MB.
System memory in use after: 84.4 MB.

Unloading 12 unused Assets to reduce memory usage. Loaded Objects now: 2250.
Total: 1.865500 ms (FindLiveObjects: 0.193500 ms CreateObjectMapping: 0.078900 ms MarkObjects: 1.494100 ms  DeleteObjects: 0.098100 ms)

========================================================================
Received Import Request.
  Time since last request: 1674.746641 seconds.
  path: Assets/Testes/TileMap/Limit_0.asset
  artifactKey: Guid(98be50067c5eb8148906a1009d8fcdcd) Importer(815301076,1909f56bfc062723c751e8b465ee728b)
Start importing Assets/Testes/TileMap/Limit_0.asset using Guid(98be50067c5eb8148906a1009d8fcdcd) Importer(815301076,1909f56bfc062723c751e8b465ee728b)  -> (artifact id: '2e2ed44367d120bc3d58841654c5a0bf') in 0.077005 seconds
  Import took 0.080302 seconds .

========================================================================
Received Import Request.
  Time since last request: 0.443928 seconds.
  path: Assets/Testes/TileMap/GroundMarl.png
  artifactKey: Guid(4bb0882e0a30aa2428ef6906b1160c78) Importer(815301076,1909f56bfc062723c751e8b465ee728b)
Start importing Assets/Testes/TileMap/GroundMarl.png using Guid(4bb0882e0a30aa2428ef6906b1160c78) Importer(815301076,1909f56bfc062723c751e8b465ee728b)  -> (artifact id: '7d6aad268db7f997192e6e12df830a09') in 0.072329 seconds
  Import took 0.075507 seconds .

========================================================================
Received Import Request.
  Time since last request: 0.001624 seconds.
  path: Assets/Testes/TileMap/GroundMarl.png
  artifactKey: Guid(4bb0882e0a30aa2428ef6906b1160c78) Importer(815301076,1909f56bfc062723c751e8b465ee728b)
Start importing Assets/Testes/TileMap/GroundMarl.png using Guid(4bb0882e0a30aa2428ef6906b1160c78) Importer(815301076,1909f56bfc062723c751e8b465ee728b)  -> (artifact id: '7d6aad268db7f997192e6e12df830a09') in 0.010556 seconds
  Import took 0.013609 seconds .

========================================================================
Received Import Request.
  Time since last request: 3.221122 seconds.
  path: Assets/Testes/TileMap/GroundMarl.png
  artifactKey: Guid(4bb0882e0a30aa2428ef6906b1160c78) Importer(815301076,1909f56bfc062723c751e8b465ee728b)
Start importing Assets/Testes/TileMap/GroundMarl.png using Guid(4bb0882e0a30aa2428ef6906b1160c78) Importer(815301076,1909f56bfc062723c751e8b465ee728b)  -> (artifact id: '2065fb8bd845566b403b9a58f32d7653') in 0.011798 seconds
  Import took 0.014760 seconds .

========================================================================
Received Import Request.
  Time since last request: 10.413984 seconds.
  path: Assets/Testes/TileMap/GroundMarl.png
  artifactKey: Guid(4bb0882e0a30aa2428ef6906b1160c78) Importer(815301076,1909f56bfc062723c751e8b465ee728b)
Start importing Assets/Testes/TileMap/GroundMarl.png using Guid(4bb0882e0a30aa2428ef6906b1160c78) Importer(815301076,1909f56bfc062723c751e8b465ee728b)  -> (artifact id: '5bb0a39b75b4f5216f6e505f2d76c153') in 0.019003 seconds
  Import took 0.022385 seconds .

========================================================================
Received Import Request.
  Time since last request: 62.662591 seconds.
  path: Assets/Testes/TileMap/GroundMarl.png
  artifactKey: Guid(4bb0882e0a30aa2428ef6906b1160c78) Importer(815301076,1909f56bfc062723c751e8b465ee728b)
Start importing Assets/Testes/TileMap/GroundMarl.png using Guid(4bb0882e0a30aa2428ef6906b1160c78) Importer(815301076,1909f56bfc062723c751e8b465ee728b)  -> (artifact id: '1344e8cdbc7b046322155187c9c46512') in 0.017873 seconds
  Import took 0.021426 seconds .

========================================================================
Received Import Request.
  Time since last request: 136.463003 seconds.
  path: Assets/Testes/TileMap/GroundMark.png
  artifactKey: Guid(bf119179f7cd91548b87e8d90b5926e9) Importer(815301076,1909f56bfc062723c751e8b465ee728b)
Start importing Assets/Testes/TileMap/GroundMark.png using Guid(bf119179f7cd91548b87e8d90b5926e9) Importer(815301076,1909f56bfc062723c751e8b465ee728b)  -> (artifact id: 'd66598fa3fe2d18e69b030a65098d5a1') in 0.020912 seconds
  Import took 0.026382 seconds .

========================================================================
Received Import Request.
  Time since last request: 0.001051 seconds.
  path: Assets/Testes/TileMap/GroundMark.png
  artifactKey: Guid(bf119179f7cd91548b87e8d90b5926e9) Importer(815301076,1909f56bfc062723c751e8b465ee728b)
Start importing Assets/Testes/TileMap/GroundMark.png using Guid(bf119179f7cd91548b87e8d90b5926e9) Importer(815301076,1909f56bfc062723c751e8b465ee728b)  -> (artifact id: 'd66598fa3fe2d18e69b030a65098d5a1') in 0.010886 seconds
  Import took 0.060428 seconds .

========================================================================
Received Import Request.
  Time since last request: 3.859705 seconds.
  path: Assets/Testes/TileMap/GroundMark.png
  artifactKey: Guid(bf119179f7cd91548b87e8d90b5926e9) Importer(815301076,1909f56bfc062723c751e8b465ee728b)
Start importing Assets/Testes/TileMap/GroundMark.png using Guid(bf119179f7cd91548b87e8d90b5926e9) Importer(815301076,1909f56bfc062723c751e8b465ee728b)  -> (artifact id: 'd42c73c89128b109f77024f2db799b52') in 0.010198 seconds
  Import took 0.013551 seconds .

========================================================================
Received Import Request.
  Time since last request: 3.848934 seconds.
  path: Assets/Testes/TileMap/GroundMark.png
  artifactKey: Guid(bf119179f7cd91548b87e8d90b5926e9) Importer(815301076,1909f56bfc062723c751e8b465ee728b)
Start importing Assets/Testes/TileMap/GroundMark.png using Guid(bf119179f7cd91548b87e8d90b5926e9) Importer(815301076,1909f56bfc062723c751e8b465ee728b)  -> (artifact id: '8c3358a38820d883896a7fd07893476d') in 0.017602 seconds
  Import took 0.020501 seconds .

========================================================================
Received Import Request.
  Time since last request: 286.536566 seconds.
  path: Assets/Testes/TileMap/GroundMark2.png
  artifactKey: Guid(d3b7a8ba32e8473458e66a4a9cc4da56) Importer(815301076,1909f56bfc062723c751e8b465ee728b)
Start importing Assets/Testes/TileMap/GroundMark2.png using Guid(d3b7a8ba32e8473458e66a4a9cc4da56) Importer(815301076,1909f56bfc062723c751e8b465ee728b)  -> (artifact id: 'b9aef00368e8f6d6d3629b5682919c3e') in 0.021387 seconds
  Import took 0.025157 seconds .

========================================================================
Received Import Request.
  Time since last request: 4.491082 seconds.
  path: Assets/Testes/TileMap/GroundMark2.png
  artifactKey: Guid(d3b7a8ba32e8473458e66a4a9cc4da56) Importer(815301076,1909f56bfc062723c751e8b465ee728b)
Start importing Assets/Testes/TileMap/GroundMark2.png using Guid(d3b7a8ba32e8473458e66a4a9cc4da56) Importer(815301076,1909f56bfc062723c751e8b465ee728b)  -> (artifact id: '9455c92f39b9495bead1b4b002689f51') in 0.012562 seconds
  Import took 0.016816 seconds .

========================================================================
Received Import Request.
  Time since last request: 8.414223 seconds.
  path: Assets/Testes/TileMap/GroundMark2.png
  artifactKey: Guid(d3b7a8ba32e8473458e66a4a9cc4da56) Importer(815301076,1909f56bfc062723c751e8b465ee728b)
Start importing Assets/Testes/TileMap/GroundMark2.png using Guid(d3b7a8ba32e8473458e66a4a9cc4da56) Importer(815301076,1909f56bfc062723c751e8b465ee728b)  -> (artifact id: '7b69de8df1d8cd6c38b5847720b02363') in 0.017320 seconds
  Import took 0.021803 seconds .

========================================================================
Received Import Request.
  Time since last request: 6.322961 seconds.
  path: Assets/Testes/TileMap/GroundMark2.png
  artifactKey: Guid(d3b7a8ba32e8473458e66a4a9cc4da56) Importer(815301076,1909f56bfc062723c751e8b465ee728b)
Start importing Assets/Testes/TileMap/GroundMark2.png using Guid(d3b7a8ba32e8473458e66a4a9cc4da56) Importer(815301076,1909f56bfc062723c751e8b465ee728b)  -> (artifact id: 'b1ea53435b65adbb0710782960ffb2ff') in 0.015168 seconds
  Import took 0.018176 seconds .

========================================================================
Received Import Request.
  Time since last request: 57.269258 seconds.
  path: ProjectSettings/TagManager.asset
  artifactKey: Guid(00000000000000003000000000000000) Importer(815301076,1909f56bfc062723c751e8b465ee728b)
Start importing ProjectSettings/TagManager.asset using Guid(00000000000000003000000000000000) Importer(815301076,1909f56bfc062723c751e8b465ee728b)  -> (artifact id: 'd2d1ddea18fdbf4068884a383d48444b') in 0.007058 seconds
  Import took 0.009862 seconds .

========================================================================
Received Import Request.
  Time since last request: 0.000858 seconds.
  path: ProjectSettings/TagManager.asset
  artifactKey: Guid(00000000000000003000000000000000) Importer(815301076,1909f56bfc062723c751e8b465ee728b)
Start importing ProjectSettings/TagManager.asset using Guid(00000000000000003000000000000000) Importer(815301076,1909f56bfc062723c751e8b465ee728b)  -> (artifact id: 'd2d1ddea18fdbf4068884a383d48444b') in 0.003156 seconds
  Import took 0.006883 seconds .

AssetImportWorkerClient::OnTransportError - code=2 error=End of file
